<?xml version="1.0" encoding="UTF-8"?>
<!-- Generated by org.testng.reporters.JUnitReportReporter -->
<testsuite hostname="wangxun" name="autotest.appautotest.test1" tests="1" failures="0" timestamp="30 Jun 2015 10:13:30 GMT" time="56.945" errors="1">
  <testcase name="addContact" time="56.945" classname="autotest.appautotest.test1">
    <error type="org.openqa.selenium.TimeoutException" message="Timed out after 10 seconds waiting for presence of element located by: By.id: com.autonavi.xmgd.navigator:id/guide_btn_end
Build info: version: &#039;2.46.0&#039;, revision: &#039;61506a4624b13675f24581e453592342b7485d71&#039;, time: &#039;2015-06-04 10:22:50&#039;
System info: host: &#039;wangxun&#039;, ip: &#039;192.168.232.1&#039;, os.name: &#039;Windows 8&#039;, os.arch: &#039;amd64&#039;, os.version: &#039;6.2&#039;, java.version: &#039;1.7.0_51&#039;
Session ID: 7b64f2a8-2350-448a-922c-db40cfa0a1f8
Driver info: io.appium.java_client.android.AndroidDriver
Capabilities [{platform=LINUX, app=C:\Users\xun\workspace\java\appautotest\testresource\apps\gaodedaohang_1105.apk, javascriptEnabled=true, appActivity=com.autonavi.xmgd.navigator.Warn, browserName=, desired={app=C:\Users\xun\workspace\java\appautotest\testresource\apps\gaodedaohang_1105.apk, platformVersion=4.4, deviceName=XiaoMi2, platformName=Android, appActivity=com.autonavi.xmgd.navigator.Warn, browserName=, appPackage=com.autonavi.xmgd.navigator}, appPackage=com.autonavi.xmgd.navigator, platformVersion=4.4, databaseEnabled=false, platformName=Android, deviceName=XiaoMi2, webStorageEnabled=false, warnings={}, takesScreenshot=true}]">
      <![CDATA[org.openqa.selenium.TimeoutException: Timed out after 10 seconds waiting for presence of element located by: By.id: com.autonavi.xmgd.navigator:id/guide_btn_end
Build info: version: '2.46.0', revision: '61506a4624b13675f24581e453592342b7485d71', time: '2015-06-04 10:22:50'
System info: host: 'wangxun', ip: '192.168.232.1', os.name: 'Windows 8', os.arch: 'amd64', os.version: '6.2', java.version: '1.7.0_51'
Session ID: 7b64f2a8-2350-448a-922c-db40cfa0a1f8
Driver info: io.appium.java_client.android.AndroidDriver
Capabilities [{platform=LINUX, app=C:\Users\xun\workspace\java\appautotest\testresource\apps\gaodedaohang_1105.apk, javascriptEnabled=true, appActivity=com.autonavi.xmgd.navigator.Warn, browserName=, desired={app=C:\Users\xun\workspace\java\appautotest\testresource\apps\gaodedaohang_1105.apk, platformVersion=4.4, deviceName=XiaoMi2, platformName=Android, appActivity=com.autonavi.xmgd.navigator.Warn, browserName=, appPackage=com.autonavi.xmgd.navigator}, appPackage=com.autonavi.xmgd.navigator, platformVersion=4.4, databaseEnabled=false, platformName=Android, deviceName=XiaoMi2, webStorageEnabled=false, warnings={}, takesScreenshot=true}]
	at org.openqa.selenium.support.ui.WebDriverWait.timeoutException(WebDriverWait.java:80)
	at org.openqa.selenium.support.ui.FluentWait.until(FluentWait.java:229)
	at autotest.appautotest.test1.addContact(test1.java:41)
	at sun.reflect.NativeMethodAccessorImpl.invoke0(Native Method)
	at sun.reflect.NativeMethodAccessorImpl.invoke(Unknown Source)
	at sun.reflect.DelegatingMethodAccessorImpl.invoke(Unknown Source)
	at java.lang.reflect.Method.invoke(Unknown Source)
	at org.testng.internal.MethodInvocationHelper.invokeMethod(MethodInvocationHelper.java:85)
	at org.testng.internal.Invoker.invokeMethod(Invoker.java:659)
	at org.testng.internal.Invoker.invokeTestMethod(Invoker.java:845)
	at org.testng.internal.Invoker.invokeTestMethods(Invoker.java:1153)
	at org.testng.internal.TestMethodWorker.invokeTestMethods(TestMethodWorker.java:125)
	at org.testng.internal.TestMethodWorker.run(TestMethodWorker.java:108)
	at org.testng.TestRunner.privateRun(TestRunner.java:771)
	at org.testng.TestRunner.run(TestRunner.java:621)
	at org.testng.SuiteRunner.runTest(SuiteRunner.java:357)
	at org.testng.SuiteRunner.runSequentially(SuiteRunner.java:352)
	at org.testng.SuiteRunner.privateRun(SuiteRunner.java:310)
	at org.testng.SuiteRunner.run(SuiteRunner.java:259)
	at org.testng.SuiteRunnerWorker.runSuite(SuiteRunnerWorker.java:52)
	at org.testng.SuiteRunnerWorker.run(SuiteRunnerWorker.java:86)
	at org.testng.TestNG.runSuitesSequentially(TestNG.java:1199)
	at org.testng.TestNG.runSuitesLocally(TestNG.java:1124)
	at org.testng.TestNG.run(TestNG.java:1032)
	at org.testng.remote.RemoteTestNG.run(RemoteTestNG.java:111)
	at org.testng.remote.RemoteTestNG.initAndRun(RemoteTestNG.java:204)
	at org.testng.remote.RemoteTestNG.main(RemoteTestNG.java:175)
Caused by: org.openqa.selenium.NoSuchElementException: An element could not be located on the page using the given search parameters. (WARNING: The server did not provide any stacktrace information)
Command duration or timeout: 134 milliseconds
For documentation on this error, please visit: http://seleniumhq.org/exceptions/no_such_element.html
Build info: version: '2.46.0', revision: '61506a4624b13675f24581e453592342b7485d71', time: '2015-06-04 10:22:50'
System info: host: 'wangxun', ip: '192.168.232.1', os.name: 'Windows 8', os.arch: 'amd64', os.version: '6.2', java.version: '1.7.0_51'
*** Element info: {Using=id, value=com.autonavi.xmgd.navigator:id/guide_btn_end}
Session ID: 7b64f2a8-2350-448a-922c-db40cfa0a1f8
Driver info: io.appium.java_client.android.AndroidDriver
Capabilities [{platform=LINUX, app=C:\Users\xun\workspace\java\appautotest\testresource\apps\gaodedaohang_1105.apk, javascriptEnabled=true, appActivity=com.autonavi.xmgd.navigator.Warn, browserName=, desired={app=C:\Users\xun\workspace\java\appautotest\testresource\apps\gaodedaohang_1105.apk, platformVersion=4.4, deviceName=XiaoMi2, platformName=Android, appActivity=com.autonavi.xmgd.navigator.Warn, browserName=, appPackage=com.autonavi.xmgd.navigator}, appPackage=com.autonavi.xmgd.navigator, platformVersion=4.4, databaseEnabled=false, platformName=Android, deviceName=XiaoMi2, webStorageEnabled=false, warnings={}, takesScreenshot=true}]
	at sun.reflect.GeneratedConstructorAccessor11.newInstance(Unknown Source)
	at sun.reflect.DelegatingConstructorAccessorImpl.newInstance(Unknown Source)
	at java.lang.reflect.Constructor.newInstance(Unknown Source)
	at org.openqa.selenium.remote.ErrorHandler.createThrowable(ErrorHandler.java:204)
	at org.openqa.selenium.remote.ErrorHandler.throwIfResponseFailed(ErrorHandler.java:156)
	at org.openqa.selenium.remote.RemoteWebDriver.execute(RemoteWebDriver.java:605)
	at io.appium.java_client.DefaultGenericMobileDriver.execute(DefaultGenericMobileDriver.java:27)
	at io.appium.java_client.AppiumDriver.execute(AppiumDriver.java:1)
	at io.appium.java_client.android.AndroidDriver.execute(AndroidDriver.java:1)
	at org.openqa.selenium.remote.RemoteWebDriver.findElement(RemoteWebDriver.java:358)
	at org.openqa.selenium.remote.RemoteWebDriver.findElementById(RemoteWebDriver.java:399)
	at io.appium.java_client.DefaultGenericMobileDriver.findElementById(DefaultGenericMobileDriver.java:47)
	at io.appium.java_client.AppiumDriver.findElementById(AppiumDriver.java:1)
	at io.appium.java_client.android.AndroidDriver.findElementById(AndroidDriver.java:1)
	at org.openqa.selenium.By$ById.findElement(By.java:215)
	at org.openqa.selenium.remote.RemoteWebDriver.findElement(RemoteWebDriver.java:350)
	at io.appium.java_client.DefaultGenericMobileDriver.findElement(DefaultGenericMobileDriver.java:37)
	at io.appium.java_client.AppiumDriver.findElement(AppiumDriver.java:1)
	at io.appium.java_client.android.AndroidDriver.findElement(AndroidDriver.java:1)
	at org.openqa.selenium.support.ui.ExpectedConditions.findElement(ExpectedConditions.java:809)
	at org.openqa.selenium.support.ui.ExpectedConditions.access$000(ExpectedConditions.java:41)
	at org.openqa.selenium.support.ui.ExpectedConditions$6.apply(ExpectedConditions.java:181)
	at org.openqa.selenium.support.ui.ExpectedConditions$6.apply(ExpectedConditions.java:178)
	at org.openqa.selenium.support.ui.FluentWait.until(FluentWait.java:209)
	... 25 more
]]>
    </error>
  </testcase> <!-- addContact -->
</testsuite> <!-- autotest.appautotest.test1 -->
