<?xml version="1.0" encoding="UTF-8"?>
<testng-results skipped="0" failed="3" total="6" passed="3">
  <reporter-output>
    <line>
      <![CDATA[F:\workplace\java\appautotest/failTestCaseScreenShot/20151112-214704-289_test000login.png]]>
    </line>
    <line>
      <![CDATA[<img src="../F:\workplace\java\appautotest/failTestCaseScreenShot/20151112-214704-289_test000login.png"/>]]>
    </line>
    <line>
      <![CDATA[F:\workplace\java\appautotest/failTestCaseScreenShot/20151112-214709-420_test005login.png]]>
    </line>
    <line>
      <![CDATA[<img src="../F:\workplace\java\appautotest/failTestCaseScreenShot/20151112-214709-420_test005login.png"/>]]>
    </line>
    <line>
      <![CDATA[F:\workplace\java\appautotest/failTestCaseScreenShot/20151112-214735-404_test012editQiChePiaoJia.png]]>
    </line>
    <line>
      <![CDATA[<img src="../F:\workplace\java\appautotest/failTestCaseScreenShot/20151112-214735-404_test012editQiChePiaoJia.png"/>]]>
    </line>
  </reporter-output>
  <suite name="Default suite" duration-ms="47844" started-at="2015-11-12T13:46:49Z" finished-at="2015-11-12T13:47:37Z">
    <groups>
    </groups>
    <test name="Default test" duration-ms="47844" started-at="2015-11-12T13:46:49Z" finished-at="2015-11-12T13:47:37Z">
      <class name="testTicketWeb.qiChe">
        <test-method status="PASS" signature="setUp()[pri:0, instance:testTicketWeb.qiChe@43a25848]" name="setUp" is-config="true" duration-ms="3313" started-at="2015-11-12T21:46:49Z" finished-at="2015-11-12T21:46:52Z">
          <reporter-output>
          </reporter-output>
        </test-method> <!-- setUp -->
        <test-method status="FAIL" signature="test000login()[pri:0, instance:testTicketWeb.qiChe@43a25848]" name="test000login" duration-ms="7992" started-at="2015-11-12T21:46:52Z" finished-at="2015-11-12T21:47:00Z">
          <exception class="java.lang.AssertionError">
            <message>
              <![CDATA[Can not find the 登录 element on the 登录页 page.
org.openqa.selenium.NoSuchElementException: no such element
  (Session info: chrome=42.0.2311.90)
  (Driver info: chromedriver=2.9.248315,platform=Windows NT 6.1 SP1 x86_64) (WARNING: The server did not provide any stacktrace information)
Command duration or timeout: 47 milliseconds
For documentation on this error, please visit: http://seleniumhq.org/exceptions/no_such_element.html
Build info: version: '2.46.0', revision: '61506a4624b13675f24581e453592342b7485d71', time: '2015-06-04 10:22:50'
System info: host: 'troy-PC', ip: '192.168.235.1', os.name: 'Windows 7', os.arch: 'amd64', os.version: '6.1', java.version: '1.8.0_60'
Driver info: org.openqa.selenium.chrome.ChromeDriver
Capabilities [{applicationCacheEnabled=false, rotatable=false, chrome={userDataDir=C:\Users\wangxun\AppData\Local\Temp\scoped_dir6404_7922}, takesHeapSnapshot=true, databaseEnabled=false, handlesAlerts=true, version=42.0.2311.90, platform=XP, browserConnectionEnabled=false, nativeEvents=true, acceptSslCerts=true, locationContextEnabled=true, webStorageEnabled=true, browserName=chrome, takesScreenshot=true, javascriptEnabled=true, cssSelectorsEnabled=true}]
Session ID: f104f0a84787f3c226f23b546a9a38bb
*** Element info: {Using=css selector, value=#loginform > form > div:nth-child(4) > div > input.btn.btn-success.radius.size-L1}]]>
            </message>
            <full-stacktrace>
              <![CDATA[java.lang.AssertionError: Can not find the 登录 element on the 登录页 page.
org.openqa.selenium.NoSuchElementException: no such element
  (Session info: chrome=42.0.2311.90)
  (Driver info: chromedriver=2.9.248315,platform=Windows NT 6.1 SP1 x86_64) (WARNING: The server did not provide any stacktrace information)
Command duration or timeout: 47 milliseconds
For documentation on this error, please visit: http://seleniumhq.org/exceptions/no_such_element.html
Build info: version: '2.46.0', revision: '61506a4624b13675f24581e453592342b7485d71', time: '2015-06-04 10:22:50'
System info: host: 'troy-PC', ip: '192.168.235.1', os.name: 'Windows 7', os.arch: 'amd64', os.version: '6.1', java.version: '1.8.0_60'
Driver info: org.openqa.selenium.chrome.ChromeDriver
Capabilities [{applicationCacheEnabled=false, rotatable=false, chrome={userDataDir=C:\Users\wangxun\AppData\Local\Temp\scoped_dir6404_7922}, takesHeapSnapshot=true, databaseEnabled=false, handlesAlerts=true, version=42.0.2311.90, platform=XP, browserConnectionEnabled=false, nativeEvents=true, acceptSslCerts=true, locationContextEnabled=true, webStorageEnabled=true, browserName=chrome, takesScreenshot=true, javascriptEnabled=true, cssSelectorsEnabled=true}]
Session ID: f104f0a84787f3c226f23b546a9a38bb
*** Element info: {Using=css selector, value=#loginform > form > div:nth-child(4) > div > input.btn.btn-success.radius.size-L1}
	at org.testng.Assert.fail(Assert.java:94)
	at core.UI.findElement(UI.java:129)
	at core.UI.clickElement(UI.java:24)
	at initial.piaoWuWebTest.enterHomePage(piaoWuWebTest.java:17)
	at testTicketWeb.qiChe.test000login(qiChe.java:49)
	at sun.reflect.NativeMethodAccessorImpl.invoke0(Native Method)
	at sun.reflect.NativeMethodAccessorImpl.invoke(Unknown Source)
	at sun.reflect.DelegatingMethodAccessorImpl.invoke(Unknown Source)
	at java.lang.reflect.Method.invoke(Unknown Source)
	at org.testng.internal.MethodInvocationHelper.invokeMethod(MethodInvocationHelper.java:85)
	at org.testng.internal.Invoker.invokeMethod(Invoker.java:659)
	at org.testng.internal.Invoker.invokeTestMethod(Invoker.java:845)
	at org.testng.internal.Invoker.invokeTestMethods(Invoker.java:1153)
	at org.testng.internal.TestMethodWorker.invokeTestMethods(TestMethodWorker.java:125)
	at org.testng.internal.TestMethodWorker.run(TestMethodWorker.java:108)
	at org.testng.TestRunner.privateRun(TestRunner.java:771)
	at org.testng.TestRunner.run(TestRunner.java:621)
	at org.testng.SuiteRunner.runTest(SuiteRunner.java:357)
	at org.testng.SuiteRunner.runSequentially(SuiteRunner.java:352)
	at org.testng.SuiteRunner.privateRun(SuiteRunner.java:310)
	at org.testng.SuiteRunner.run(SuiteRunner.java:259)
	at org.testng.SuiteRunnerWorker.runSuite(SuiteRunnerWorker.java:52)
	at org.testng.SuiteRunnerWorker.run(SuiteRunnerWorker.java:86)
	at org.testng.TestNG.runSuitesSequentially(TestNG.java:1199)
	at org.testng.TestNG.runSuitesLocally(TestNG.java:1124)
	at org.testng.TestNG.run(TestNG.java:1032)
	at org.testng.remote.RemoteTestNG.run(RemoteTestNG.java:111)
	at org.testng.remote.RemoteTestNG.initAndRun(RemoteTestNG.java:204)
	at org.testng.remote.RemoteTestNG.main(RemoteTestNG.java:175)
]]>
            </full-stacktrace>
          </exception> <!-- java.lang.AssertionError -->
          <reporter-output>
            <line>
              <![CDATA[F:\workplace\java\appautotest/failTestCaseScreenShot/20151112-214704-289_test000login.png]]>
            </line>
            <line>
              <![CDATA[<img src="../F:\workplace\java\appautotest/failTestCaseScreenShot/20151112-214704-289_test000login.png"/>]]>
            </line>
          </reporter-output>
        </test-method> <!-- test000login -->
        <test-method status="PASS" signature="test003login()[pri:0, instance:testTicketWeb.qiChe@43a25848]" name="test003login" duration-ms="1" started-at="2015-11-12T21:47:04Z" finished-at="2015-11-12T21:47:04Z">
          <reporter-output>
          </reporter-output>
        </test-method> <!-- test003login -->
        <test-method status="PASS" signature="test004login()[pri:0, instance:testTicketWeb.qiChe@43a25848]" name="test004login" duration-ms="1" started-at="2015-11-12T21:47:04Z" finished-at="2015-11-12T21:47:04Z">
          <reporter-output>
          </reporter-output>
        </test-method> <!-- test004login -->
        <test-method status="FAIL" signature="test005login()[pri:0, instance:testTicketWeb.qiChe@43a25848]" name="test005login" duration-ms="1802" started-at="2015-11-12T21:47:04Z" finished-at="2015-11-12T21:47:06Z">
          <exception class="java.lang.AssertionError">
            <message>
              <![CDATA[Can not find the 登录 element on the 登录页 page.
org.openqa.selenium.NoSuchElementException: no such element
  (Session info: chrome=42.0.2311.90)
  (Driver info: chromedriver=2.9.248315,platform=Windows NT 6.1 SP1 x86_64) (WARNING: The server did not provide any stacktrace information)
Command duration or timeout: 46 milliseconds
For documentation on this error, please visit: http://seleniumhq.org/exceptions/no_such_element.html
Build info: version: '2.46.0', revision: '61506a4624b13675f24581e453592342b7485d71', time: '2015-06-04 10:22:50'
System info: host: 'troy-PC', ip: '192.168.235.1', os.name: 'Windows 7', os.arch: 'amd64', os.version: '6.1', java.version: '1.8.0_60'
Driver info: org.openqa.selenium.chrome.ChromeDriver
Capabilities [{applicationCacheEnabled=false, rotatable=false, chrome={userDataDir=C:\Users\wangxun\AppData\Local\Temp\scoped_dir6404_7922}, takesHeapSnapshot=true, databaseEnabled=false, handlesAlerts=true, version=42.0.2311.90, platform=XP, browserConnectionEnabled=false, nativeEvents=true, acceptSslCerts=true, locationContextEnabled=true, webStorageEnabled=true, browserName=chrome, takesScreenshot=true, javascriptEnabled=true, cssSelectorsEnabled=true}]
Session ID: f104f0a84787f3c226f23b546a9a38bb
*** Element info: {Using=css selector, value=#loginform > form > div:nth-child(4) > div > input.btn.btn-success.radius.size-L1}]]>
            </message>
            <full-stacktrace>
              <![CDATA[java.lang.AssertionError: Can not find the 登录 element on the 登录页 page.
org.openqa.selenium.NoSuchElementException: no such element
  (Session info: chrome=42.0.2311.90)
  (Driver info: chromedriver=2.9.248315,platform=Windows NT 6.1 SP1 x86_64) (WARNING: The server did not provide any stacktrace information)
Command duration or timeout: 46 milliseconds
For documentation on this error, please visit: http://seleniumhq.org/exceptions/no_such_element.html
Build info: version: '2.46.0', revision: '61506a4624b13675f24581e453592342b7485d71', time: '2015-06-04 10:22:50'
System info: host: 'troy-PC', ip: '192.168.235.1', os.name: 'Windows 7', os.arch: 'amd64', os.version: '6.1', java.version: '1.8.0_60'
Driver info: org.openqa.selenium.chrome.ChromeDriver
Capabilities [{applicationCacheEnabled=false, rotatable=false, chrome={userDataDir=C:\Users\wangxun\AppData\Local\Temp\scoped_dir6404_7922}, takesHeapSnapshot=true, databaseEnabled=false, handlesAlerts=true, version=42.0.2311.90, platform=XP, browserConnectionEnabled=false, nativeEvents=true, acceptSslCerts=true, locationContextEnabled=true, webStorageEnabled=true, browserName=chrome, takesScreenshot=true, javascriptEnabled=true, cssSelectorsEnabled=true}]
Session ID: f104f0a84787f3c226f23b546a9a38bb
*** Element info: {Using=css selector, value=#loginform > form > div:nth-child(4) > div > input.btn.btn-success.radius.size-L1}
	at org.testng.Assert.fail(Assert.java:94)
	at core.UI.findElement(UI.java:129)
	at core.UI.clickElement(UI.java:24)
	at initial.piaoWuWebTest.enterHomePage(piaoWuWebTest.java:17)
	at testTicketWeb.qiChe.test005login(qiChe.java:65)
	at sun.reflect.NativeMethodAccessorImpl.invoke0(Native Method)
	at sun.reflect.NativeMethodAccessorImpl.invoke(Unknown Source)
	at sun.reflect.DelegatingMethodAccessorImpl.invoke(Unknown Source)
	at java.lang.reflect.Method.invoke(Unknown Source)
	at org.testng.internal.MethodInvocationHelper.invokeMethod(MethodInvocationHelper.java:85)
	at org.testng.internal.Invoker.invokeMethod(Invoker.java:659)
	at org.testng.internal.Invoker.invokeTestMethod(Invoker.java:845)
	at org.testng.internal.Invoker.invokeTestMethods(Invoker.java:1153)
	at org.testng.internal.TestMethodWorker.invokeTestMethods(TestMethodWorker.java:125)
	at org.testng.internal.TestMethodWorker.run(TestMethodWorker.java:108)
	at org.testng.TestRunner.privateRun(TestRunner.java:771)
	at org.testng.TestRunner.run(TestRunner.java:621)
	at org.testng.SuiteRunner.runTest(SuiteRunner.java:357)
	at org.testng.SuiteRunner.runSequentially(SuiteRunner.java:352)
	at org.testng.SuiteRunner.privateRun(SuiteRunner.java:310)
	at org.testng.SuiteRunner.run(SuiteRunner.java:259)
	at org.testng.SuiteRunnerWorker.runSuite(SuiteRunnerWorker.java:52)
	at org.testng.SuiteRunnerWorker.run(SuiteRunnerWorker.java:86)
	at org.testng.TestNG.runSuitesSequentially(TestNG.java:1199)
	at org.testng.TestNG.runSuitesLocally(TestNG.java:1124)
	at org.testng.TestNG.run(TestNG.java:1032)
	at org.testng.remote.RemoteTestNG.run(RemoteTestNG.java:111)
	at org.testng.remote.RemoteTestNG.initAndRun(RemoteTestNG.java:204)
	at org.testng.remote.RemoteTestNG.main(RemoteTestNG.java:175)
]]>
            </full-stacktrace>
          </exception> <!-- java.lang.AssertionError -->
          <reporter-output>
            <line>
              <![CDATA[F:\workplace\java\appautotest/failTestCaseScreenShot/20151112-214709-420_test005login.png]]>
            </line>
            <line>
              <![CDATA[<img src="../F:\workplace\java\appautotest/failTestCaseScreenShot/20151112-214709-420_test005login.png"/>]]>
            </line>
          </reporter-output>
        </test-method> <!-- test005login -->
        <test-method status="PASS" signature="test006login()[pri:0, instance:testTicketWeb.qiChe@43a25848]" name="test006login" duration-ms="3" started-at="2015-11-12T21:47:09Z" finished-at="2015-11-12T21:47:09Z">
          <reporter-output>
          </reporter-output>
        </test-method> <!-- test006login -->
        <test-method status="FAIL" signature="test012editQiChePiaoJia()[pri:0, instance:testTicketWeb.qiChe@43a25848]" name="test012editQiChePiaoJia" duration-ms="22718" started-at="2015-11-12T21:47:09Z" finished-at="2015-11-12T21:47:32Z">
          <exception class="java.lang.AssertionError">
            <message>
              <![CDATA[Don't find the 登录 element on the 登录页 page.]]>
            </message>
            <full-stacktrace>
              <![CDATA[java.lang.AssertionError: Don't find the 登录 element on the 登录页 page.
	at org.testng.Assert.fail(Assert.java:94)
	at core.UI.waitDisplay(UI.java:152)
	at core.UI.waitDisplay(UI.java:135)
	at base.WebApp.runTestCase(WebApp.java:289)
	at base.WebApp.runTestCase(WebApp.java:333)
	at testTicketWeb.qiChe.test012editQiChePiaoJia(qiChe.java:186)
	at sun.reflect.NativeMethodAccessorImpl.invoke0(Native Method)
	at sun.reflect.NativeMethodAccessorImpl.invoke(Unknown Source)
	at sun.reflect.DelegatingMethodAccessorImpl.invoke(Unknown Source)
	at java.lang.reflect.Method.invoke(Unknown Source)
	at org.testng.internal.MethodInvocationHelper.invokeMethod(MethodInvocationHelper.java:85)
	at org.testng.internal.Invoker.invokeMethod(Invoker.java:659)
	at org.testng.internal.Invoker.invokeTestMethod(Invoker.java:845)
	at org.testng.internal.Invoker.invokeTestMethods(Invoker.java:1153)
	at org.testng.internal.TestMethodWorker.invokeTestMethods(TestMethodWorker.java:125)
	at org.testng.internal.TestMethodWorker.run(TestMethodWorker.java:108)
	at org.testng.TestRunner.privateRun(TestRunner.java:771)
	at org.testng.TestRunner.run(TestRunner.java:621)
	at org.testng.SuiteRunner.runTest(SuiteRunner.java:357)
	at org.testng.SuiteRunner.runSequentially(SuiteRunner.java:352)
	at org.testng.SuiteRunner.privateRun(SuiteRunner.java:310)
	at org.testng.SuiteRunner.run(SuiteRunner.java:259)
	at org.testng.SuiteRunnerWorker.runSuite(SuiteRunnerWorker.java:52)
	at org.testng.SuiteRunnerWorker.run(SuiteRunnerWorker.java:86)
	at org.testng.TestNG.runSuitesSequentially(TestNG.java:1199)
	at org.testng.TestNG.runSuitesLocally(TestNG.java:1124)
	at org.testng.TestNG.run(TestNG.java:1032)
	at org.testng.remote.RemoteTestNG.run(RemoteTestNG.java:111)
	at org.testng.remote.RemoteTestNG.initAndRun(RemoteTestNG.java:204)
	at org.testng.remote.RemoteTestNG.main(RemoteTestNG.java:175)
]]>
            </full-stacktrace>
          </exception> <!-- java.lang.AssertionError -->
          <reporter-output>
            <line>
              <![CDATA[F:\workplace\java\appautotest/failTestCaseScreenShot/20151112-214735-404_test012editQiChePiaoJia.png]]>
            </line>
            <line>
              <![CDATA[<img src="../F:\workplace\java\appautotest/failTestCaseScreenShot/20151112-214735-404_test012editQiChePiaoJia.png"/>]]>
            </line>
          </reporter-output>
        </test-method> <!-- test012editQiChePiaoJia -->
        <test-method status="PASS" signature="tearDown()[pri:0, instance:testTicketWeb.qiChe@43a25848]" name="tearDown" is-config="true" duration-ms="1981" started-at="2015-11-12T21:47:35Z" finished-at="2015-11-12T21:47:37Z">
          <reporter-output>
          </reporter-output>
        </test-method> <!-- tearDown -->
      </class> <!-- testTicketWeb.qiChe -->
    </test> <!-- Default test -->
  </suite> <!-- Default suite -->
</testng-results>
